1664005946024:price A0001
1664005967134:price
1664005981574:price "A0001"
1664006118912:help
1664008539602:price
1664008544936:price A0001
1664021522773:add A0001
1664021525639:total
1664021577544:list
1664021582526:add A0001
1664021585334:list
1664021590485:add A0001
1664021593745:list
1664021650260:add A0001
1664021652826:total
1664021817315:add A0001
1664021819095:total
1664021939109:add A0001
1664021941227:list
1664021943334:total
1664021986119:add A0001
1664021987994:total
1664022020932:add A0001
1664022022642:total
1664022085533:add A0001
1664022088045:total
1664022249917:add A0001
1664022256937:total
1664022267405:add A000
1664022271498:total
